{"/Users/hamza/Desktop/thortful-test/star-thortful-wars/src/app/components/character-detail/character-detail.component.html": {"path":"/Users/hamza/Desktop/thortful-test/star-thortful-wars/src/app/components/character-detail/character-detail.component.html","statementMap":{"0":{"start":{"line":1,"column":0},"end":{"line":1,"column":1529}}},"fnMap":{},"branchMap":{},"s":{"0":1},"f":{},"b":{},"_coverageSchema":"1a1c01bbd47fc00a2c39e90264f33305004495a9","hash":"e55e680dfc61f4498686eb2e645f402414d3fb26"}
,"/Users/hamza/Desktop/thortful-test/star-thortful-wars/src/app/components/character-detail/character-detail.component.ts": {"path":"/Users/hamza/Desktop/thortful-test/star-thortful-wars/src/app/components/character-detail/character-detail.component.ts","statementMap":{"0":{"start":{"line":1,"column":0},"end":{"line":1,"column":50}},"1":{"start":{"line":2,"column":0},"end":{"line":2,"column":49}},"2":{"start":{"line":3,"column":0},"end":{"line":3,"column":56}},"3":{"start":{"line":4,"column":0},"end":{"line":4,"column":43}},"4":{"start":{"line":6,"column":0},"end":{"line":6,"column":44}},"5":{"start":{"line":7,"column":0},"end":{"line":7,"column":26}},"6":{"start":{"line":19,"column":12},"end":{"line":19,"column":33}},"7":{"start":{"line":20,"column":12},"end":{"line":20,"column":34}},"8":{"start":{"line":21,"column":12},"end":{"line":21,"column":30}},"9":{"start":{"line":25,"column":24},"end":{"line":25,"column":62}},"10":{"start":{"line":27,"column":4},"end":{"line":30,"column":null}},"11":{"start":{"line":28,"column":6},"end":{"line":28,"column":76}},"12":{"start":{"line":29,"column":6},"end":{"line":29,"column":13}},"13":{"start":{"line":32,"column":15},"end":{"line":32,"column":34}},"14":{"start":{"line":34,"column":4},"end":{"line":37,"column":null}},"15":{"start":{"line":35,"column":6},"end":{"line":35,"column":49}},"16":{"start":{"line":36,"column":6},"end":{"line":36,"column":13}},"17":{"start":{"line":39,"column":4},"end":{"line":53,"column":9}},"18":{"start":{"line":42,"column":10},"end":{"line":42,"column":81}},"19":{"start":{"line":43,"column":10},"end":{"line":43,"column":26}},"20":{"start":{"line":47,"column":8},"end":{"line":52,"column":null}},"21":{"start":{"line":48,"column":10},"end":{"line":48,"column":37}},"22":{"start":{"line":49,"column":10},"end":{"line":49,"column":40}},"23":{"start":{"line":50,"column":15},"end":{"line":52,"column":null}},"24":{"start":{"line":51,"column":10},"end":{"line":51,"column":52}},"25":{"start":{"line":57,"column":4},"end":{"line":57,"column":25}},"26":{"start":{"line":61,"column":4},"end":{"line":61,"column":25}},"27":{"start":{"line":14,"column":13},"end":{"line":63,"column":null}},"28":{"start":{"line":14,"column":13},"end":{"line":14,"column":37}}},"fnMap":{"0":{"name":"(anonymous_1)","decl":{"start":{"line":18,"column":2},"end":{"line":18,"column":null}},"loc":{"start":{"line":21,"column":30},"end":{"line":22,"column":7}}},"1":{"name":"(anonymous_2)","decl":{"start":{"line":24,"column":2},"end":{"line":24,"column":15}},"loc":{"start":{"line":24,"column":15},"end":{"line":54,"column":3}}},"2":{"name":"(anonymous_3)","decl":{"start":{"line":41,"column":19},"end":{"line":41,"column":22}},"loc":{"start":{"line":41,"column":25},"end":{"line":44,"column":9}}},"3":{"name":"(anonymous_4)","decl":{"start":{"line":46,"column":17},"end":{"line":46,"column":26}},"loc":{"start":{"line":46,"column":29},"end":{"line":53,"column":7}}},"4":{"name":"(anonymous_5)","decl":{"start":{"line":56,"column":2},"end":{"line":56,"column":10}},"loc":{"start":{"line":56,"column":10},"end":{"line":58,"column":3}}},"5":{"name":"(anonymous_6)","decl":{"start":{"line":60,"column":2},"end":{"line":60,"column":8}},"loc":{"start":{"line":60,"column":8},"end":{"line":62,"column":3}}}},"branchMap":{"0":{"loc":{"start":{"line":27,"column":4},"end":{"line":30,"column":null}},"type":"if","locations":[{"start":{"line":27,"column":4},"end":{"line":30,"column":null}}]},"1":{"loc":{"start":{"line":34,"column":4},"end":{"line":37,"column":null}},"type":"if","locations":[{"start":{"line":34,"column":4},"end":{"line":37,"column":null}}]},"2":{"loc":{"start":{"line":47,"column":8},"end":{"line":52,"column":null}},"type":"if","locations":[{"start":{"line":47,"column":8},"end":{"line":52,"column":null}},{"start":{"line":50,"column":15},"end":{"line":52,"column":null}}]},"3":{"loc":{"start":{"line":50,"column":15},"end":{"line":52,"column":null}},"type":"if","locations":[{"start":{"line":50,"column":15},"end":{"line":52,"column":null}}]}},"s":{"0":1,"1":1,"2":1,"3":1,"4":1,"5":1,"6":8,"7":8,"8":8,"9":12,"10":12,"11":2,"12":2,"13":10,"14":10,"15":2,"16":2,"17":8,"18":2,"19":2,"20":6,"21":2,"22":2,"23":4,"24":1,"25":7,"26":1,"27":1,"28":1},"f":{"0":8,"1":12,"2":2,"3":6,"4":7,"5":1},"b":{"0":[2],"1":[2],"2":[2,4],"3":[1]}}
,"/Users/hamza/Desktop/thortful-test/star-thortful-wars/src/app/components/character-movies/character-movies.component.html": {"path":"/Users/hamza/Desktop/thortful-test/star-thortful-wars/src/app/components/character-movies/character-movies.component.html","statementMap":{"0":{"start":{"line":1,"column":0},"end":{"line":1,"column":275}}},"fnMap":{},"branchMap":{},"s":{"0":1},"f":{},"b":{},"_coverageSchema":"1a1c01bbd47fc00a2c39e90264f33305004495a9","hash":"f27003089393ae906feb26fe3e34804677a9d666"}
,"/Users/hamza/Desktop/thortful-test/star-thortful-wars/src/app/components/character-movies/character-movies.component.ts": {"path":"/Users/hamza/Desktop/thortful-test/star-thortful-wars/src/app/components/character-movies/character-movies.component.ts","statementMap":{"0":{"start":{"line":1,"column":0},"end":{"line":1,"column":57}},"1":{"start":{"line":12,"column":11},"end":{"line":12,"column":null}},"2":{"start":{"line":8,"column":13},"end":{"line":16,"column":null}},"3":{"start":{"line":8,"column":13},"end":{"line":8,"column":37}}},"fnMap":{"0":{"name":"(anonymous_1)","decl":{"start":{"line":10,"column":2},"end":{"line":10,"column":18}},"loc":{"start":{"line":10,"column":2},"end":{"line":10,"column":19}}},"1":{"name":"(anonymous_2)","decl":{"start":{"line":14,"column":2},"end":{"line":14,"column":10}},"loc":{"start":{"line":14,"column":10},"end":{"line":15,"column":3}}}},"branchMap":{},"s":{"0":1,"1":1,"2":1,"3":1},"f":{"0":1,"1":1},"b":{}}
,"/Users/hamza/Desktop/thortful-test/star-thortful-wars/src/app/services/api.service.ts": {"path":"/Users/hamza/Desktop/thortful-test/star-thortful-wars/src/app/services/api.service.ts","statementMap":{"0":{"start":{"line":1,"column":0},"end":{"line":1,"column":43}},"1":{"start":{"line":2,"column":0},"end":{"line":2,"column":50}},"2":{"start":{"line":11,"column":22},"end":{"line":11,"column":38}},"3":{"start":{"line":9,"column":10},"end":{"line":9,"column":44}},"4":{"start":{"line":14,"column":4},"end":{"line":14,"column":65}},"5":{"start":{"line":18,"column":4},"end":{"line":18,"column":57}},"6":{"start":{"line":22,"column":4},"end":{"line":22,"column":35}},"7":{"start":{"line":8,"column":13},"end":{"line":24,"column":null}},"8":{"start":{"line":8,"column":13},"end":{"line":8,"column":23}}},"fnMap":{"0":{"name":"(anonymous_1)","decl":{"start":{"line":11,"column":2},"end":{"line":11,"column":22}},"loc":{"start":{"line":11,"column":38},"end":{"line":11,"column":42}}},"1":{"name":"(anonymous_2)","decl":{"start":{"line":13,"column":2},"end":{"line":13,"column":15}},"loc":{"start":{"line":13,"column":32},"end":{"line":15,"column":3}}},"2":{"name":"(anonymous_3)","decl":{"start":{"line":17,"column":2},"end":{"line":17,"column":20}},"loc":{"start":{"line":17,"column":31},"end":{"line":19,"column":3}}},"3":{"name":"(anonymous_4)","decl":{"start":{"line":21,"column":2},"end":{"line":21,"column":15}},"loc":{"start":{"line":21,"column":27},"end":{"line":23,"column":3}}}},"branchMap":{"0":{"loc":{"start":{"line":13,"column":16},"end":{"line":13,"column":32}},"type":"default-arg","locations":[{"start":{"line":13,"column":31},"end":{"line":13,"column":32}}]}},"s":{"0":2,"1":2,"2":16,"3":16,"4":3,"5":5,"6":2,"7":2,"8":2},"f":{"0":16,"1":3,"2":5,"3":2},"b":{"0":[0]}}
}
