TN:
SF:src/app/components/character-detail/character-detail.component.html
FNF:0
FNH:0
DA:1,1
LF:1
LH:1
BRF:0
BRH:0
end_of_record
TN:
SF:src/app/components/character-detail/character-detail.component.ts
FN:18,(anonymous_1)
FN:24,(anonymous_2)
FN:41,(anonymous_3)
FN:46,(anonymous_4)
FN:56,(anonymous_5)
FN:60,(anonymous_6)
FNF:6
FNH:6
FNDA:8,(anonymous_1)
FNDA:12,(anonymous_2)
FNDA:2,(anonymous_3)
FNDA:6,(anonymous_4)
FNDA:7,(anonymous_5)
FNDA:1,(anonymous_6)
DA:1,1
DA:2,1
DA:3,1
DA:4,1
DA:6,1
DA:7,1
DA:14,1
DA:19,8
DA:20,8
DA:21,8
DA:25,12
DA:27,12
DA:28,2
DA:29,2
DA:32,10
DA:34,10
DA:35,2
DA:36,2
DA:39,8
DA:42,2
DA:43,2
DA:47,6
DA:48,2
DA:49,2
DA:50,4
DA:51,1
DA:57,7
DA:61,1
LF:28
LH:28
BRDA:27,0,0,2
BRDA:34,1,0,2
BRDA:47,2,0,2
BRDA:47,2,1,4
BRDA:50,3,0,1
BRF:5
BRH:5
end_of_record
TN:
SF:src/app/components/character-movies/character-movies.component.html
FNF:0
FNH:0
DA:1,1
LF:1
LH:1
BRF:0
BRH:0
end_of_record
TN:
SF:src/app/components/character-movies/character-movies.component.ts
FN:10,(anonymous_1)
FN:14,(anonymous_2)
FNF:2
FNH:2
FNDA:1,(anonymous_1)
FNDA:1,(anonymous_2)
DA:1,1
DA:8,1
DA:12,1
LF:3
LH:3
BRF:0
BRH:0
end_of_record
TN:
SF:src/app/services/api.service.ts
FN:11,(anonymous_1)
FN:13,(anonymous_2)
FN:17,(anonymous_3)
FN:21,(anonymous_4)
FNF:4
FNH:4
FNDA:16,(anonymous_1)
FNDA:3,(anonymous_2)
FNDA:5,(anonymous_3)
FNDA:2,(anonymous_4)
DA:1,2
DA:2,2
DA:8,2
DA:9,16
DA:11,16
DA:14,3
DA:18,5
DA:22,2
LF:8
LH:8
BRDA:13,0,0,0
BRF:1
BRH:0
end_of_record
